<?xml version="1.0" encoding="UTF-8"?>
<testsuite name="com.ceiba.comando.manejador.ManejadorVehiculoTest" tests="1" skipped="0" failures="0" errors="0" timestamp="2019-07-09T20:27:23" hostname="JONATHAN-PAYARES" time="0.089">
  <properties/>
  <testcase name="validarQuePuedeIngresar" classname="com.ceiba.comando.manejador.ManejadorVehiculoTest" time="0.089"/>
  <system-out><![CDATA[]]></system-out>
  <system-err><![CDATA[]]></system-err>
</testsuite>
