<?xml version="1.0" encoding="UTF-8"?>
<testsuite name="com.ceiba.modelo.PeliculaTest" tests="2" skipped="0" failures="0" errors="0" timestamp="2019-07-08T21:50:21" hostname="JONATHAN-PAYARES" time="0.008">
  <properties/>
  <testcase name="validarNombreCorto" classname="com.ceiba.modelo.PeliculaTest" time="0.004"/>
  <testcase name="validarNombreObligatorio" classname="com.ceiba.modelo.PeliculaTest" time="0.001"/>
  <system-out><![CDATA[]]></system-out>
  <system-err><![CDATA[]]></system-err>
</testsuite>
