<?xml version="1.0" encoding="UTF-8"?>
<testsuite name="com.ceiba.servicio.ServicioCrearPeliculaTest" tests="1" skipped="0" failures="0" errors="0" timestamp="2019-07-08T22:35:39" hostname="JONATHAN-PAYARES" time="0.139">
  <properties/>
  <testcase name="validarExistenciaPrevia" classname="com.ceiba.servicio.ServicioCrearPeliculaTest" time="0.139"/>
  <system-out><![CDATA[]]></system-out>
  <system-err><![CDATA[]]></system-err>
</testsuite>
