<?xml version="1.0" encoding="UTF-8"?>
<testsuite name="com.ceiba.modelo.PeliculaTest" tests="2" skipped="0" failures="0" errors="0" timestamp="2019-07-09T20:29:12" hostname="JONATHAN-PAYARES" time="0.006">
  <properties/>
  <testcase name="validarNombreCorto" classname="com.ceiba.modelo.PeliculaTest" time="0.005"/>
  <testcase name="validarNombreObligatorio" classname="com.ceiba.modelo.PeliculaTest" time="0.001"/>
  <system-out><![CDATA[]]></system-out>
  <system-err><![CDATA[]]></system-err>
</testsuite>
